  [1m[35m (238.1ms)[0m  [1m[35mCREATE DATABASE "InstaBook_development" ENCODING = 'unicode'[0m
  [1m[35m (141.6ms)[0m  [1m[35mCREATE DATABASE "InstaBook_test" ENCODING = 'unicode'[0m
  [1m[35m (1.8ms)[0m  [1m[35mCREATE DATABASE "InstaBook_development" ENCODING = 'unicode'[0m
  [1m[35m (0.7ms)[0m  [1m[35mCREATE DATABASE "InstaBook_test" ENCODING = 'unicode'[0m
  [1m[35m (28.3ms)[0m  [1m[35mCREATE TABLE "schema_migrations" ("version" character varying NOT NULL PRIMARY KEY)[0m
  [1m[35m (26.3ms)[0m  [1m[35mCREATE TABLE "ar_internal_metadata" ("key" character varying NOT NULL PRIMARY KEY, "value" character varying, "created_at" timestamp(6) NOT NULL, "updated_at" timestamp(6) NOT NULL)[0m
  [1m[35m (1.4ms)[0m  [1m[34mSELECT pg_try_advisory_lock(6530573300804154210)[0m
  [1m[35m (0.7ms)[0m  [1m[34mSELECT "schema_migrations"."version" FROM "schema_migrations" ORDER BY "schema_migrations"."version" ASC[0m
Migrating to CreateUsers (20200609222649)
  [1m[35m (0.2ms)[0m  [1m[35mBEGIN[0m
  [1m[35m (29.7ms)[0m  [1m[35mCREATE TABLE "users" ("id" bigserial primary key, "firstname" character varying, "lastname" character varying, "username" character varying, "email" character varying, "password_digest" character varying, "created_at" timestamp(6) NOT NULL, "updated_at" timestamp(6) NOT NULL)[0m
  [1m[36mprimary::SchemaMigration Create (2.5ms)[0m  [1m[32mINSERT INTO "schema_migrations" ("version") VALUES ($1) RETURNING "version"[0m  [["version", "20200609222649"]]
  [1m[35m (0.8ms)[0m  [1m[35mCOMMIT[0m
  [1m[36mActiveRecord::InternalMetadata Load (0.7ms)[0m  [1m[34mSELECT "ar_internal_metadata".* FROM "ar_internal_metadata" WHERE "ar_internal_metadata"."key" = $1 LIMIT $2[0m  [["key", "environment"], ["LIMIT", 1]]
  [1m[35m (0.2ms)[0m  [1m[35mBEGIN[0m
  [1m[36mActiveRecord::InternalMetadata Create (5.9ms)[0m  [1m[32mINSERT INTO "ar_internal_metadata" ("key", "value", "created_at", "updated_at") VALUES ($1, $2, $3, $4) RETURNING "key"[0m  [["key", "environment"], ["value", "development"], ["created_at", "2020-06-09 22:35:45.215621"], ["updated_at", "2020-06-09 22:35:45.215621"]]
  [1m[35m (6.2ms)[0m  [1m[35mCOMMIT[0m
  [1m[35m (0.3ms)[0m  [1m[34mSELECT pg_advisory_unlock(6530573300804154210)[0m
  [1m[35m (2.0ms)[0m  [1m[34mSELECT "schema_migrations"."version" FROM "schema_migrations" ORDER BY "schema_migrations"."version" ASC[0m
Started GET "/users" for ::1 at 2020-06-09 18:58:53 -0400
  [1m[35m (0.8ms)[0m  [1m[34mSELECT "schema_migrations"."version" FROM "schema_migrations" ORDER BY "schema_migrations"."version" ASC[0m
Processing by UsersController#index as HTML
Filter chain halted as :authorize_request rendered or redirected
Completed 401 Unauthorized in 1ms (Views: 0.3ms | ActiveRecord: 0.0ms | Allocations: 214)


Started GET "/favicon.ico" for ::1 at 2020-06-09 18:58:54 -0400
  
ActionController::RoutingError (No route matches [GET] "/favicon.ico"):
  
actionpack (6.0.3.1) lib/action_dispatch/middleware/debug_exceptions.rb:36:in `call'
actionpack (6.0.3.1) lib/action_dispatch/middleware/show_exceptions.rb:33:in `call'
railties (6.0.3.1) lib/rails/rack/logger.rb:37:in `call_app'
railties (6.0.3.1) lib/rails/rack/logger.rb:26:in `block in call'
activesupport (6.0.3.1) lib/active_support/tagged_logging.rb:80:in `block in tagged'
activesupport (6.0.3.1) lib/active_support/tagged_logging.rb:28:in `tagged'
activesupport (6.0.3.1) lib/active_support/tagged_logging.rb:80:in `tagged'
railties (6.0.3.1) lib/rails/rack/logger.rb:26:in `call'
actionpack (6.0.3.1) lib/action_dispatch/middleware/remote_ip.rb:81:in `call'
actionpack (6.0.3.1) lib/action_dispatch/middleware/request_id.rb:27:in `call'
rack (2.2.2) lib/rack/runtime.rb:22:in `call'
activesupport (6.0.3.1) lib/active_support/cache/strategy/local_cache_middleware.rb:29:in `call'
actionpack (6.0.3.1) lib/action_dispatch/middleware/executor.rb:14:in `call'
actionpack (6.0.3.1) lib/action_dispatch/middleware/static.rb:126:in `call'
rack (2.2.2) lib/rack/sendfile.rb:110:in `call'
actionpack (6.0.3.1) lib/action_dispatch/middleware/host_authorization.rb:82:in `call'
rack-cors (1.1.1) lib/rack/cors.rb:100:in `call'
railties (6.0.3.1) lib/rails/engine.rb:527:in `call'
puma (4.3.5) lib/puma/configuration.rb:228:in `call'
puma (4.3.5) lib/puma/server.rb:713:in `handle_request'
puma (4.3.5) lib/puma/server.rb:472:in `process_client'
puma (4.3.5) lib/puma/server.rb:328:in `block in run'
puma (4.3.5) lib/puma/thread_pool.rb:134:in `block in spawn_thread'
Started POST "/users" for ::1 at 2020-06-09 19:09:50 -0400
Error occurred while parsing request parameters.
Contents:

{
	"user": {
       
        "firstname": "Buttface",
        "lastname": "McGee",
        "username": "ButtfaceM",
        "email": "ButtfaceM@gmail.com" ,
        "password": "123456" ,
    }
}
  
ActionDispatch::Http::Parameters::ParseError (767: unexpected token at '{
	"user": {
       
        "firstname": "Buttface",
        "lastname": "McGee",
        "username": "ButtfaceM",
        "email": "ButtfaceM@gmail.com" ,
        "password": "123456" ,
    }
}'):
  
actionpack (6.0.3.1) lib/action_dispatch/http/parameters.rb:114:in `rescue in parse_formatted_parameters'
actionpack (6.0.3.1) lib/action_dispatch/http/parameters.rb:110:in `parse_formatted_parameters'
actionpack (6.0.3.1) lib/action_dispatch/http/request.rb:389:in `block in POST'
rack (2.2.2) lib/rack/request.rb:69:in `fetch'
rack (2.2.2) lib/rack/request.rb:69:in `fetch_header'
actionpack (6.0.3.1) lib/action_dispatch/http/request.rb:388:in `POST'
actionpack (6.0.3.1) lib/action_dispatch/http/parameters.rb:55:in `parameters'
actionpack (6.0.3.1) lib/action_controller/metal/params_wrapper.rb:278:in `_wrapper_enabled?'
actionpack (6.0.3.1) lib/action_controller/metal/params_wrapper.rb:244:in `process_action'
activerecord (6.0.3.1) lib/active_record/railties/controller_runtime.rb:27:in `process_action'
actionpack (6.0.3.1) lib/abstract_controller/base.rb:136:in `process'
actionpack (6.0.3.1) lib/action_controller/metal.rb:190:in `dispatch'
actionpack (6.0.3.1) lib/action_controller/metal.rb:254:in `dispatch'
actionpack (6.0.3.1) lib/action_dispatch/routing/route_set.rb:50:in `dispatch'
actionpack (6.0.3.1) lib/action_dispatch/routing/route_set.rb:33:in `serve'
actionpack (6.0.3.1) lib/action_dispatch/journey/router.rb:49:in `block in serve'
actionpack (6.0.3.1) lib/action_dispatch/journey/router.rb:32:in `each'
actionpack (6.0.3.1) lib/action_dispatch/journey/router.rb:32:in `serve'
actionpack (6.0.3.1) lib/action_dispatch/routing/route_set.rb:834:in `call'
rack (2.2.2) lib/rack/etag.rb:27:in `call'
rack (2.2.2) lib/rack/conditional_get.rb:40:in `call'
rack (2.2.2) lib/rack/head.rb:12:in `call'
activerecord (6.0.3.1) lib/active_record/migration.rb:567:in `call'
actionpack (6.0.3.1) lib/action_dispatch/middleware/callbacks.rb:27:in `block in call'
activesupport (6.0.3.1) lib/active_support/callbacks.rb:101:in `run_callbacks'
actionpack (6.0.3.1) lib/action_dispatch/middleware/callbacks.rb:26:in `call'
actionpack (6.0.3.1) lib/action_dispatch/middleware/executor.rb:14:in `call'
actionpack (6.0.3.1) lib/action_dispatch/middleware/actionable_exceptions.rb:17:in `call'
actionpack (6.0.3.1) lib/action_dispatch/middleware/debug_exceptions.rb:32:in `call'
actionpack (6.0.3.1) lib/action_dispatch/middleware/show_exceptions.rb:33:in `call'
railties (6.0.3.1) lib/rails/rack/logger.rb:37:in `call_app'
railties (6.0.3.1) lib/rails/rack/logger.rb:26:in `block in call'
activesupport (6.0.3.1) lib/active_support/tagged_logging.rb:80:in `block in tagged'
activesupport (6.0.3.1) lib/active_support/tagged_logging.rb:28:in `tagged'
activesupport (6.0.3.1) lib/active_support/tagged_logging.rb:80:in `tagged'
railties (6.0.3.1) lib/rails/rack/logger.rb:26:in `call'
actionpack (6.0.3.1) lib/action_dispatch/middleware/remote_ip.rb:81:in `call'
actionpack (6.0.3.1) lib/action_dispatch/middleware/request_id.rb:27:in `call'
rack (2.2.2) lib/rack/runtime.rb:22:in `call'
activesupport (6.0.3.1) lib/active_support/cache/strategy/local_cache_middleware.rb:29:in `call'
actionpack (6.0.3.1) lib/action_dispatch/middleware/executor.rb:14:in `call'
actionpack (6.0.3.1) lib/action_dispatch/middleware/static.rb:126:in `call'
rack (2.2.2) lib/rack/sendfile.rb:110:in `call'
actionpack (6.0.3.1) lib/action_dispatch/middleware/host_authorization.rb:82:in `call'
rack-cors (1.1.1) lib/rack/cors.rb:100:in `call'
railties (6.0.3.1) lib/rails/engine.rb:527:in `call'
puma (4.3.5) lib/puma/configuration.rb:228:in `call'
puma (4.3.5) lib/puma/server.rb:713:in `handle_request'
puma (4.3.5) lib/puma/server.rb:472:in `process_client'
puma (4.3.5) lib/puma/server.rb:328:in `block in run'
puma (4.3.5) lib/puma/thread_pool.rb:134:in `block in spawn_thread'
Error occurred while parsing request parameters.
Contents:

{
	"user": {
       
        "firstname": "Buttface",
        "lastname": "McGee",
        "username": "ButtfaceM",
        "email": "ButtfaceM@gmail.com" ,
        "password": "123456" ,
    }
}
Started POST "/users" for ::1 at 2020-06-09 19:10:09 -0400
Processing by UsersController#create as */*
  Parameters: {"user"=>{"firstname"=>"Buttface", "lastname"=>"McGee", "username"=>"ButtfaceM", "email"=>"ButtfaceM@gmail.com", "password"=>"123456"}}
[31mUnpermitted parameters: :firstname, :lastname[0m
  [1m[35m (0.2ms)[0m  [1m[35mBEGIN[0m
  ↳ app/controllers/users_controller.rb:23:in `create'
  [1m[36mUser Exists? (2.6ms)[0m  [1m[34mSELECT 1 AS one FROM "users" WHERE "users"."username" = $1 LIMIT $2[0m  [["username", "ButtfaceM"], ["LIMIT", 1]]
  ↳ app/controllers/users_controller.rb:23:in `create'
  [1m[36mUser Exists? (0.4ms)[0m  [1m[34mSELECT 1 AS one FROM "users" WHERE "users"."email" = $1 LIMIT $2[0m  [["email", "ButtfaceM@gmail.com"], ["LIMIT", 1]]
  ↳ app/controllers/users_controller.rb:23:in `create'
  [1m[36mUser Create (19.5ms)[0m  [1m[32mINSERT INTO "users" ("username", "email", "password_digest", "created_at", "updated_at") VALUES ($1, $2, $3, $4, $5) RETURNING "id"[0m  [["username", "ButtfaceM"], ["email", "ButtfaceM@gmail.com"], ["password_digest", "$2a$12$fpAwNiJvLK.VdwHJb2kW5erCBSQ8n4nudkSxO4cQAljwkAYnfFF76"], ["created_at", "2020-06-09 23:10:09.899798"], ["updated_at", "2020-06-09 23:10:09.899798"]]
  ↳ app/controllers/users_controller.rb:23:in `create'
  [1m[35m (1.1ms)[0m  [1m[35mCOMMIT[0m
  ↳ app/controllers/users_controller.rb:23:in `create'
Completed 201 Created in 533ms (Views: 1.4ms | ActiveRecord: 53.9ms | Allocations: 11661)


Started GET "/users" for ::1 at 2020-06-09 19:14:07 -0400
Processing by UsersController#index as */*
  Parameters: {"user"=>{"firstname"=>"Buttface", "lastname"=>"McGee", "username"=>"ButtfaceM", "email"=>"ButtfaceM@gmail.com", "password"=>"123456"}}
  [1m[36mUser Load (0.4ms)[0m  [1m[34mSELECT "users".* FROM "users" WHERE "users"."id" = $1 LIMIT $2[0m  [["id", 1], ["LIMIT", 1]]
  ↳ app/controllers/application_controller.rb:21:in `authorize_request'
  [1m[36mUser Load (0.4ms)[0m  [1m[34mSELECT "users".* FROM "users"[0m
  ↳ app/controllers/users_controller.rb:11:in `index'
Completed 200 OK in 52ms (Views: 4.4ms | ActiveRecord: 6.8ms | Allocations: 7270)


  [1m[35m (0.7ms)[0m  [1m[34mSELECT "schema_migrations"."version" FROM "schema_migrations" ORDER BY "schema_migrations"."version" ASC[0m
Started GET "/users" for ::1 at 2020-06-09 19:33:58 -0400
  [1m[35m (2.0ms)[0m  [1m[34mSELECT "schema_migrations"."version" FROM "schema_migrations" ORDER BY "schema_migrations"."version" ASC[0m
Processing by UsersController#index as HTML
Filter chain halted as :authorize_request rendered or redirected
Completed 401 Unauthorized in 1ms (Views: 0.6ms | ActiveRecord: 0.0ms | Allocations: 214)


Started GET "/users" for ::1 at 2020-06-09 19:34:03 -0400
Processing by UsersController#index as HTML
Filter chain halted as :authorize_request rendered or redirected
Completed 401 Unauthorized in 0ms (Views: 0.2ms | ActiveRecord: 0.0ms | Allocations: 134)


Started GET "/auth/login" for ::1 at 2020-06-09 19:34:11 -0400
  
ActionController::RoutingError (No route matches [GET] "/auth/login"):
  
actionpack (6.0.3.1) lib/action_dispatch/middleware/debug_exceptions.rb:36:in `call'
actionpack (6.0.3.1) lib/action_dispatch/middleware/show_exceptions.rb:33:in `call'
railties (6.0.3.1) lib/rails/rack/logger.rb:37:in `call_app'
railties (6.0.3.1) lib/rails/rack/logger.rb:26:in `block in call'
activesupport (6.0.3.1) lib/active_support/tagged_logging.rb:80:in `block in tagged'
activesupport (6.0.3.1) lib/active_support/tagged_logging.rb:28:in `tagged'
activesupport (6.0.3.1) lib/active_support/tagged_logging.rb:80:in `tagged'
railties (6.0.3.1) lib/rails/rack/logger.rb:26:in `call'
actionpack (6.0.3.1) lib/action_dispatch/middleware/remote_ip.rb:81:in `call'
actionpack (6.0.3.1) lib/action_dispatch/middleware/request_id.rb:27:in `call'
rack (2.2.2) lib/rack/runtime.rb:22:in `call'
activesupport (6.0.3.1) lib/active_support/cache/strategy/local_cache_middleware.rb:29:in `call'
actionpack (6.0.3.1) lib/action_dispatch/middleware/executor.rb:14:in `call'
actionpack (6.0.3.1) lib/action_dispatch/middleware/static.rb:126:in `call'
rack (2.2.2) lib/rack/sendfile.rb:110:in `call'
actionpack (6.0.3.1) lib/action_dispatch/middleware/host_authorization.rb:82:in `call'
rack-cors (1.1.1) lib/rack/cors.rb:100:in `call'
railties (6.0.3.1) lib/rails/engine.rb:527:in `call'
puma (4.3.5) lib/puma/configuration.rb:228:in `call'
puma (4.3.5) lib/puma/server.rb:713:in `handle_request'
puma (4.3.5) lib/puma/server.rb:472:in `process_client'
puma (4.3.5) lib/puma/server.rb:328:in `block in run'
puma (4.3.5) lib/puma/thread_pool.rb:134:in `block in spawn_thread'
Started GET "/users" for ::1 at 2020-06-09 19:34:42 -0400
Processing by UsersController#index as HTML
Filter chain halted as :authorize_request rendered or redirected
Completed 401 Unauthorized in 1ms (Views: 0.4ms | ActiveRecord: 0.0ms | Allocations: 138)


Started POST "/users" for ::1 at 2020-06-09 19:35:43 -0400
Processing by UsersController#create as */*
  Parameters: {"user"=>{"firstname"=>"Ronald", "lastname"=>"McDonald", "username"=>"RonnyD", "email"=>"RonnyD@gmail.com", "password"=>"123456"}}
  [1m[35m (0.3ms)[0m  [1m[35mBEGIN[0m
  ↳ app/controllers/users_controller.rb:23:in `create'
  [1m[36mUser Exists? (0.8ms)[0m  [1m[34mSELECT 1 AS one FROM "users" WHERE "users"."username" = $1 LIMIT $2[0m  [["username", "RonnyD"], ["LIMIT", 1]]
  ↳ app/controllers/users_controller.rb:23:in `create'
  [1m[36mUser Exists? (0.4ms)[0m  [1m[34mSELECT 1 AS one FROM "users" WHERE "users"."email" = $1 LIMIT $2[0m  [["email", "RonnyD@gmail.com"], ["LIMIT", 1]]
  ↳ app/controllers/users_controller.rb:23:in `create'
  [1m[36mUser Create (1.1ms)[0m  [1m[32mINSERT INTO "users" ("firstname", "lastname", "username", "email", "password_digest", "created_at", "updated_at") VALUES ($1, $2, $3, $4, $5, $6, $7) RETURNING "id"[0m  [["firstname", "Ronald"], ["lastname", "McDonald"], ["username", "RonnyD"], ["email", "RonnyD@gmail.com"], ["password_digest", "$2a$12$mNIUjBbK1GOulq9x8mdUL.f5SmS..Jx/YgXW5K.Xzju0nm6FUYmc2"], ["created_at", "2020-06-09 23:35:43.839776"], ["updated_at", "2020-06-09 23:35:43.839776"]]
  ↳ app/controllers/users_controller.rb:23:in `create'
  [1m[35m (0.7ms)[0m  [1m[35mCOMMIT[0m
  ↳ app/controllers/users_controller.rb:23:in `create'
Completed 201 Created in 386ms (Views: 1.2ms | ActiveRecord: 21.4ms | Allocations: 12061)


Started GET "/users" for ::1 at 2020-06-09 19:35:50 -0400
Processing by UsersController#index as HTML
Filter chain halted as :authorize_request rendered or redirected
Completed 401 Unauthorized in 1ms (Views: 0.2ms | ActiveRecord: 0.0ms | Allocations: 134)


Started GET "/users" for ::1 at 2020-06-09 19:35:57 -0400
Processing by UsersController#index as */*
  Parameters: {"user"=>{"firstname"=>"Ronald", "lastname"=>"McDonald", "username"=>"RonnyD", "email"=>"RonnyD@gmail.com", "password"=>"123456"}}
  [1m[36mUser Load (1.2ms)[0m  [1m[34mSELECT "users".* FROM "users" WHERE "users"."id" = $1 LIMIT $2[0m  [["id", 1], ["LIMIT", 1]]
  ↳ app/controllers/application_controller.rb:21:in `authorize_request'
  [1m[36mUser Load (1.2ms)[0m  [1m[34mSELECT "users".* FROM "users"[0m
  ↳ app/controllers/users_controller.rb:11:in `index'
Completed 200 OK in 16ms (Views: 7.5ms | ActiveRecord: 2.9ms | Allocations: 2065)


  [1m[35m (0.4ms)[0m  [1m[34mSELECT pg_try_advisory_lock(6530573300804154210)[0m
  [1m[35m (0.6ms)[0m  [1m[34mSELECT "schema_migrations"."version" FROM "schema_migrations" ORDER BY "schema_migrations"."version" ASC[0m
Migrating to CreatePosts (20200609234132)
  [1m[35m (0.7ms)[0m  [1m[35mBEGIN[0m
  [1m[35m (60.2ms)[0m  [1m[35mCREATE TABLE "posts" ("id" bigserial primary key, "name" character varying, "description" character varying, "startdate" integer, "enddate" integer, "user_id" bigint NOT NULL, "created_at" timestamp(6) NOT NULL, "updated_at" timestamp(6) NOT NULL, CONSTRAINT "fk_rails_5b5ddfd518"
FOREIGN KEY ("user_id")
  REFERENCES "users" ("id")
)[0m
  [1m[35m (1.7ms)[0m  [1m[35mCREATE  INDEX  "index_posts_on_user_id" ON "posts"  ("user_id")[0m
  [1m[36mprimary::SchemaMigration Create (0.5ms)[0m  [1m[32mINSERT INTO "schema_migrations" ("version") VALUES ($1) RETURNING "version"[0m  [["version", "20200609234132"]]
  [1m[35m (0.9ms)[0m  [1m[35mCOMMIT[0m
  [1m[36mActiveRecord::InternalMetadata Load (0.4ms)[0m  [1m[34mSELECT "ar_internal_metadata".* FROM "ar_internal_metadata" WHERE "ar_internal_metadata"."key" = $1 LIMIT $2[0m  [["key", "environment"], ["LIMIT", 1]]
  [1m[35m (0.5ms)[0m  [1m[34mSELECT pg_advisory_unlock(6530573300804154210)[0m
  [1m[35m (0.7ms)[0m  [1m[34mSELECT "schema_migrations"."version" FROM "schema_migrations" ORDER BY "schema_migrations"."version" ASC[0m
  [1m[35m (0.2ms)[0m  [1m[34mSELECT pg_try_advisory_lock(6530573300804154210)[0m
  [1m[35m (1.3ms)[0m  [1m[34mSELECT "schema_migrations"."version" FROM "schema_migrations" ORDER BY "schema_migrations"."version" ASC[0m
Migrating to CreateComments (20200610001038)
  [1m[35m (0.2ms)[0m  [1m[35mBEGIN[0m
  [1m[35m (26.2ms)[0m  [1m[35mCREATE TABLE "comments" ("id" bigserial primary key, "name" character varying, "description" character varying, "user_id" bigint NOT NULL, "post_id" bigint NOT NULL, "created_at" timestamp(6) NOT NULL, "updated_at" timestamp(6) NOT NULL, CONSTRAINT "fk_rails_03de2dc08c"
FOREIGN KEY ("user_id")
  REFERENCES "users" ("id")
, CONSTRAINT "fk_rails_2fd19c0db7"
FOREIGN KEY ("post_id")
  REFERENCES "posts" ("id")
)[0m
  [1m[35m (1.4ms)[0m  [1m[35mCREATE  INDEX  "index_comments_on_user_id" ON "comments"  ("user_id")[0m
  [1m[35m (1.1ms)[0m  [1m[35mCREATE  INDEX  "index_comments_on_post_id" ON "comments"  ("post_id")[0m
  [1m[36mprimary::SchemaMigration Create (0.7ms)[0m  [1m[32mINSERT INTO "schema_migrations" ("version") VALUES ($1) RETURNING "version"[0m  [["version", "20200610001038"]]
  [1m[35m (0.8ms)[0m  [1m[35mCOMMIT[0m
  [1m[36mActiveRecord::InternalMetadata Load (0.4ms)[0m  [1m[34mSELECT "ar_internal_metadata".* FROM "ar_internal_metadata" WHERE "ar_internal_metadata"."key" = $1 LIMIT $2[0m  [["key", "environment"], ["LIMIT", 1]]
  [1m[35m (2.6ms)[0m  [1m[34mSELECT pg_advisory_unlock(6530573300804154210)[0m
  [1m[35m (0.9ms)[0m  [1m[34mSELECT "schema_migrations"."version" FROM "schema_migrations" ORDER BY "schema_migrations"."version" ASC[0m
  [1m[35m (0.9ms)[0m  [1m[34mSELECT "schema_migrations"."version" FROM "schema_migrations" ORDER BY "schema_migrations"."version" ASC[0m
  [1m[36mUser Load (0.7ms)[0m  [1m[34mSELECT "users".* FROM "users"[0m
  [1m[35m (0.2ms)[0m  [1m[35mBEGIN[0m
  [1m[36mUser Destroy (28.9ms)[0m  [1m[31mDELETE FROM "users" WHERE "users"."id" = $1[0m  [["id", 1]]
  [1m[35m (0.5ms)[0m  [1m[35mCOMMIT[0m
  [1m[35m (0.2ms)[0m  [1m[35mBEGIN[0m
  [1m[36mUser Destroy (1.1ms)[0m  [1m[31mDELETE FROM "users" WHERE "users"."id" = $1[0m  [["id", 2]]
  [1m[35m (0.5ms)[0m  [1m[35mCOMMIT[0m
  [1m[36mPost Load (0.5ms)[0m  [1m[34mSELECT "posts".* FROM "posts"[0m
  [1m[36mComment Load (0.5ms)[0m  [1m[34mSELECT "comments".* FROM "comments"[0m
  [1m[35m (0.7ms)[0m  [1m[34mSELECT "schema_migrations"."version" FROM "schema_migrations" ORDER BY "schema_migrations"."version" ASC[0m
  [1m[36mUser Load (0.8ms)[0m  [1m[34mSELECT "users".* FROM "users"[0m
  [1m[36mPost Load (0.8ms)[0m  [1m[34mSELECT "posts".* FROM "posts"[0m
  [1m[36mComment Load (1.1ms)[0m  [1m[34mSELECT "comments".* FROM "comments"[0m
  [1m[35m (0.2ms)[0m  [1m[35mBEGIN[0m
  [1m[36mUser Exists? (0.6ms)[0m  [1m[34mSELECT 1 AS one FROM "users" WHERE "users"."username" = $1 LIMIT $2[0m  [["username", "BiaB"], ["LIMIT", 1]]
  [1m[36mUser Exists? (0.3ms)[0m  [1m[34mSELECT 1 AS one FROM "users" WHERE "users"."email" = $1 LIMIT $2[0m  [["email", "BiaCode2020@gmail.com"], ["LIMIT", 1]]
  [1m[36mUser Create (0.6ms)[0m  [1m[32mINSERT INTO "users" ("firstname", "lastname", "username", "email", "password_digest", "created_at", "updated_at") VALUES ($1, $2, $3, $4, $5, $6, $7) RETURNING "id"[0m  [["firstname", "Bianca"], ["lastname", "Biagioni"], ["username", "BiaB"], ["email", "BiaCode2020@gmail.com"], ["password_digest", "$2a$12$RjlclLIDmIDruBXPe6FpCuAeEjKYQgqdilS7b0YQ6mnNe5ZAb2JfC"], ["created_at", "2020-06-10 00:31:57.271951"], ["updated_at", "2020-06-10 00:31:57.271951"]]
  [1m[35m (6.1ms)[0m  [1m[35mCOMMIT[0m
  [1m[35m (0.3ms)[0m  [1m[35mBEGIN[0m
  [1m[36mPost Create (1.4ms)[0m  [1m[32mINSERT INTO "posts" ("name", "description", "user_id", "created_at", "updated_at") VALUES ($1, $2, $3, $4, $5) RETURNING "id"[0m  [["name", "DJ GIG @ Webster Hall"], ["description", "Cupcake ipsum dolor sit amet. Sugar plum macaroon cheesecake caramels. Croissant marshmallow topping muffin croissant.  Toffee cookie liquorice wafer jelly sweet apple pie. Croissant sugar plum apple pie. Powder cookie dragée brownie lemon drops gingerbread"], ["user_id", 3], ["created_at", "2020-06-10 00:31:57.301088"], ["updated_at", "2020-06-10 00:31:57.301088"]]
  [1m[35m (9.7ms)[0m  [1m[35mCOMMIT[0m
  [1m[35m (0.2ms)[0m  [1m[35mBEGIN[0m
  [1m[36mComment Create (1.0ms)[0m  [1m[32mINSERT INTO "comments" ("name", "description", "user_id", "post_id", "created_at", "updated_at") VALUES ($1, $2, $3, $4, $5, $6) RETURNING "id"[0m  [["name", "I'm Interested!"], ["description", "Cupcake ipsum dolor sit amet. Sugar plum macaroon cheesecake caramels."], ["user_id", 3], ["post_id", 1], ["created_at", "2020-06-10 00:31:57.327651"], ["updated_at", "2020-06-10 00:31:57.327651"]]
  [1m[35m (0.4ms)[0m  [1m[35mCOMMIT[0m
  [1m[35m (0.2ms)[0m  [1m[34mSELECT pg_try_advisory_lock(6530573300804154210)[0m
  [1m[35m (0.8ms)[0m  [1m[34mSELECT "schema_migrations"."version" FROM "schema_migrations" ORDER BY "schema_migrations"."version" ASC[0m
Migrating to ChangeDatesToStrings (20200610003935)
  [1m[35m (0.4ms)[0m  [1m[35mBEGIN[0m
  [1m[35m (24.5ms)[0m  [1m[35mALTER TABLE "posts" ALTER COLUMN "startdate" TYPE character varying, ALTER COLUMN "startdate" SET DEFAULT '', ALTER COLUMN "startdate" SET NOT NULL[0m
  [1m[35m (0.2ms)[0m  [1m[31mROLLBACK[0m
  [1m[35m (0.4ms)[0m  [1m[34mSELECT pg_advisory_unlock(6530573300804154210)[0m
  [1m[35m (0.9ms)[0m  [1m[34mSELECT "schema_migrations"."version" FROM "schema_migrations" ORDER BY "schema_migrations"."version" ASC[0m
  [1m[35m (0.7ms)[0m  [1m[34mSELECT "ar_internal_metadata"."value" FROM "ar_internal_metadata" WHERE "ar_internal_metadata"."key" = $1[0m  [["key", "environment"]]
  [1m[35m (0.2ms)[0m  [1m[34mSELECT "schema_migrations"."version" FROM "schema_migrations" ORDER BY "schema_migrations"."version" ASC[0m
  [1m[35m (0.4ms)[0m  [1m[34mSELECT "ar_internal_metadata"."value" FROM "ar_internal_metadata" WHERE "ar_internal_metadata"."key" = $1[0m  [["key", "environment"]]
  [1m[35m (0.3ms)[0m  [1m[34mSELECT "schema_migrations"."version" FROM "schema_migrations" ORDER BY "schema_migrations"."version" ASC[0m
  [1m[35m (0.3ms)[0m  [1m[34mSELECT "ar_internal_metadata"."value" FROM "ar_internal_metadata" WHERE "ar_internal_metadata"."key" = $1[0m  [["key", "environment"]]
  [1m[35m (82.0ms)[0m  [1m[35mDROP DATABASE IF EXISTS "InstaBook_development"[0m
  [1m[35m (71.5ms)[0m  [1m[35mDROP DATABASE IF EXISTS "InstaBook_test"[0m
  [1m[35m (295.1ms)[0m  [1m[35mCREATE DATABASE "InstaBook_development" ENCODING = 'unicode'[0m
  [1m[35m (187.0ms)[0m  [1m[35mCREATE DATABASE "InstaBook_test" ENCODING = 'unicode'[0m
  [1m[35mSQL (1.3ms)[0m  [1m[35mCREATE EXTENSION IF NOT EXISTS "plpgsql"[0m
  [1m[35m (0.4ms)[0m  [1m[35mDROP TABLE IF EXISTS "comments" CASCADE[0m
  [1m[35m (10.6ms)[0m  [1m[35mCREATE TABLE "comments" ("id" bigserial primary key, "name" character varying, "description" character varying, "user_id" bigint NOT NULL, "post_id" bigint NOT NULL, "created_at" timestamp(6) NOT NULL, "updated_at" timestamp(6) NOT NULL)[0m
  [1m[35m (1.4ms)[0m  [1m[35mCREATE  INDEX  "index_comments_on_post_id" ON "comments"  ("post_id")[0m
  [1m[35m (1.8ms)[0m  [1m[35mCREATE  INDEX  "index_comments_on_user_id" ON "comments"  ("user_id")[0m
  [1m[35m (0.3ms)[0m  [1m[35mDROP TABLE IF EXISTS "posts" CASCADE[0m
  [1m[35m (3.7ms)[0m  [1m[35mCREATE TABLE "posts" ("id" bigserial primary key, "name" character varying, "description" character varying, "startdate" integer, "enddate" integer, "user_id" bigint NOT NULL, "created_at" timestamp(6) NOT NULL, "updated_at" timestamp(6) NOT NULL)[0m
  [1m[35m (2.8ms)[0m  [1m[35mCREATE  INDEX  "index_posts_on_user_id" ON "posts"  ("user_id")[0m
  [1m[35m (0.4ms)[0m  [1m[35mDROP TABLE IF EXISTS "users" CASCADE[0m
  [1m[35m (4.0ms)[0m  [1m[35mCREATE TABLE "users" ("id" bigserial primary key, "firstname" character varying, "lastname" character varying, "username" character varying, "email" character varying, "password_digest" character varying, "created_at" timestamp(6) NOT NULL, "updated_at" timestamp(6) NOT NULL)[0m
  [1m[35m (2.8ms)[0m  [1m[35mALTER TABLE "comments" ADD CONSTRAINT "fk_rails_2fd19c0db7"
FOREIGN KEY ("post_id")
  REFERENCES "posts" ("id")
[0m
  [1m[35m (1.6ms)[0m  [1m[35mALTER TABLE "comments" ADD CONSTRAINT "fk_rails_03de2dc08c"
FOREIGN KEY ("user_id")
  REFERENCES "users" ("id")
[0m
  [1m[35m (1.2ms)[0m  [1m[35mALTER TABLE "posts" ADD CONSTRAINT "fk_rails_5b5ddfd518"
FOREIGN KEY ("user_id")
  REFERENCES "users" ("id")
[0m
  [1m[35m (3.4ms)[0m  [1m[35mCREATE TABLE "schema_migrations" ("version" character varying NOT NULL PRIMARY KEY)[0m
  [1m[35m (0.7ms)[0m  [1m[34mSELECT "schema_migrations"."version" FROM "schema_migrations" ORDER BY "schema_migrations"."version" ASC[0m
  [1m[35m (0.8ms)[0m  [1m[32mINSERT INTO "schema_migrations" (version) VALUES (20200610001038)[0m
  [1m[35m (0.4ms)[0m  [1m[32mINSERT INTO "schema_migrations" (version) VALUES
(20200609222649),
(20200609234132);

[0m
  [1m[35m (4.2ms)[0m  [1m[35mCREATE TABLE "ar_internal_metadata" ("key" character varying NOT NULL PRIMARY KEY, "value" character varying, "created_at" timestamp(6) NOT NULL, "updated_at" timestamp(6) NOT NULL)[0m
  [1m[36mActiveRecord::InternalMetadata Load (0.4ms)[0m  [1m[34mSELECT "ar_internal_metadata".* FROM "ar_internal_metadata" WHERE "ar_internal_metadata"."key" = $1 LIMIT $2[0m  [["key", "environment"], ["LIMIT", 1]]
  [1m[35m (0.2ms)[0m  [1m[35mBEGIN[0m
  [1m[36mActiveRecord::InternalMetadata Create (0.6ms)[0m  [1m[32mINSERT INTO "ar_internal_metadata" ("key", "value", "created_at", "updated_at") VALUES ($1, $2, $3, $4) RETURNING "key"[0m  [["key", "environment"], ["value", "development"], ["created_at", "2020-06-10 00:43:19.337328"], ["updated_at", "2020-06-10 00:43:19.337328"]]
  [1m[35m (0.6ms)[0m  [1m[35mCOMMIT[0m
  [1m[36mActiveRecord::InternalMetadata Load (0.3ms)[0m  [1m[34mSELECT "ar_internal_metadata".* FROM "ar_internal_metadata" WHERE "ar_internal_metadata"."key" = $1 LIMIT $2[0m  [["key", "environment"], ["LIMIT", 1]]
  [1m[36mActiveRecord::InternalMetadata Load (0.3ms)[0m  [1m[34mSELECT "ar_internal_metadata".* FROM "ar_internal_metadata" WHERE "ar_internal_metadata"."key" = $1 LIMIT $2[0m  [["key", "schema_sha1"], ["LIMIT", 1]]
  [1m[35m (0.2ms)[0m  [1m[35mBEGIN[0m
  [1m[36mActiveRecord::InternalMetadata Create (0.4ms)[0m  [1m[32mINSERT INTO "ar_internal_metadata" ("key", "value", "created_at", "updated_at") VALUES ($1, $2, $3, $4) RETURNING "key"[0m  [["key", "schema_sha1"], ["value", "662b566223f6afad2b3ee1c214003e54a2c7f46d"], ["created_at", "2020-06-10 00:43:19.350162"], ["updated_at", "2020-06-10 00:43:19.350162"]]
  [1m[35m (0.4ms)[0m  [1m[35mCOMMIT[0m
  [1m[35mSQL (0.5ms)[0m  [1m[35mCREATE EXTENSION IF NOT EXISTS "plpgsql"[0m
  [1m[35m (0.4ms)[0m  [1m[35mDROP TABLE IF EXISTS "comments" CASCADE[0m
  [1m[35m (8.7ms)[0m  [1m[35mCREATE TABLE "comments" ("id" bigserial primary key, "name" character varying, "description" character varying, "user_id" bigint NOT NULL, "post_id" bigint NOT NULL, "created_at" timestamp(6) NOT NULL, "updated_at" timestamp(6) NOT NULL)[0m
  [1m[35m (1.8ms)[0m  [1m[35mCREATE  INDEX  "index_comments_on_post_id" ON "comments"  ("post_id")[0m
  [1m[35m (1.2ms)[0m  [1m[35mCREATE  INDEX  "index_comments_on_user_id" ON "comments"  ("user_id")[0m
  [1m[35m (0.2ms)[0m  [1m[35mDROP TABLE IF EXISTS "posts" CASCADE[0m
  [1m[35m (5.2ms)[0m  [1m[35mCREATE TABLE "posts" ("id" bigserial primary key, "name" character varying, "description" character varying, "startdate" integer, "enddate" integer, "user_id" bigint NOT NULL, "created_at" timestamp(6) NOT NULL, "updated_at" timestamp(6) NOT NULL)[0m
  [1m[35m (1.2ms)[0m  [1m[35mCREATE  INDEX  "index_posts_on_user_id" ON "posts"  ("user_id")[0m
  [1m[35m (0.2ms)[0m  [1m[35mDROP TABLE IF EXISTS "users" CASCADE[0m
  [1m[35m (3.9ms)[0m  [1m[35mCREATE TABLE "users" ("id" bigserial primary key, "firstname" character varying, "lastname" character varying, "username" character varying, "email" character varying, "password_digest" character varying, "created_at" timestamp(6) NOT NULL, "updated_at" timestamp(6) NOT NULL)[0m
  [1m[35m (4.3ms)[0m  [1m[35mALTER TABLE "comments" ADD CONSTRAINT "fk_rails_2fd19c0db7"
FOREIGN KEY ("post_id")
  REFERENCES "posts" ("id")
[0m
  [1m[35m (2.2ms)[0m  [1m[35mALTER TABLE "comments" ADD CONSTRAINT "fk_rails_03de2dc08c"
FOREIGN KEY ("user_id")
  REFERENCES "users" ("id")
[0m
  [1m[35m (2.1ms)[0m  [1m[35mALTER TABLE "posts" ADD CONSTRAINT "fk_rails_5b5ddfd518"
FOREIGN KEY ("user_id")
  REFERENCES "users" ("id")
[0m
  [1m[35m (3.5ms)[0m  [1m[35mCREATE TABLE "schema_migrations" ("version" character varying NOT NULL PRIMARY KEY)[0m
  [1m[35m (0.9ms)[0m  [1m[34mSELECT "schema_migrations"."version" FROM "schema_migrations" ORDER BY "schema_migrations"."version" ASC[0m
  [1m[35m (0.7ms)[0m  [1m[32mINSERT INTO "schema_migrations" (version) VALUES (20200610001038)[0m
  [1m[35m (0.5ms)[0m  [1m[32mINSERT INTO "schema_migrations" (version) VALUES
(20200609222649),
(20200609234132);

[0m
  [1m[35m (4.5ms)[0m  [1m[35mCREATE TABLE "ar_internal_metadata" ("key" character varying NOT NULL PRIMARY KEY, "value" character varying, "created_at" timestamp(6) NOT NULL, "updated_at" timestamp(6) NOT NULL)[0m
  [1m[36mActiveRecord::InternalMetadata Load (0.6ms)[0m  [1m[34mSELECT "ar_internal_metadata".* FROM "ar_internal_metadata" WHERE "ar_internal_metadata"."key" = $1 LIMIT $2[0m  [["key", "environment"], ["LIMIT", 1]]
  [1m[35m (0.2ms)[0m  [1m[35mBEGIN[0m
  [1m[36mActiveRecord::InternalMetadata Create (0.8ms)[0m  [1m[32mINSERT INTO "ar_internal_metadata" ("key", "value", "created_at", "updated_at") VALUES ($1, $2, $3, $4) RETURNING "key"[0m  [["key", "environment"], ["value", "development"], ["created_at", "2020-06-10 00:43:19.484271"], ["updated_at", "2020-06-10 00:43:19.484271"]]
  [1m[35m (0.4ms)[0m  [1m[35mCOMMIT[0m
  [1m[36mActiveRecord::InternalMetadata Load (0.3ms)[0m  [1m[34mSELECT "ar_internal_metadata".* FROM "ar_internal_metadata" WHERE "ar_internal_metadata"."key" = $1 LIMIT $2[0m  [["key", "environment"], ["LIMIT", 1]]
  [1m[35m (0.2ms)[0m  [1m[35mBEGIN[0m
  [1m[36mActiveRecord::InternalMetadata Update (1.0ms)[0m  [1m[33mUPDATE "ar_internal_metadata" SET "value" = $1, "updated_at" = $2 WHERE "ar_internal_metadata"."key" = $3[0m  [["value", "test"], ["updated_at", "2020-06-10 00:43:19.495683"], ["key", "environment"]]
  [1m[35m (0.6ms)[0m  [1m[35mCOMMIT[0m
  [1m[36mActiveRecord::InternalMetadata Load (0.5ms)[0m  [1m[34mSELECT "ar_internal_metadata".* FROM "ar_internal_metadata" WHERE "ar_internal_metadata"."key" = $1 LIMIT $2[0m  [["key", "schema_sha1"], ["LIMIT", 1]]
  [1m[35m (0.2ms)[0m  [1m[35mBEGIN[0m
  [1m[36mActiveRecord::InternalMetadata Create (0.4ms)[0m  [1m[32mINSERT INTO "ar_internal_metadata" ("key", "value", "created_at", "updated_at") VALUES ($1, $2, $3, $4) RETURNING "key"[0m  [["key", "schema_sha1"], ["value", "662b566223f6afad2b3ee1c214003e54a2c7f46d"], ["created_at", "2020-06-10 00:43:19.509375"], ["updated_at", "2020-06-10 00:43:19.509375"]]
  [1m[35m (0.4ms)[0m  [1m[35mCOMMIT[0m
  [1m[35m (1.5ms)[0m  [1m[34mSELECT "schema_migrations"."version" FROM "schema_migrations" ORDER BY "schema_migrations"."version" ASC[0m
  [1m[35m (0.4ms)[0m  [1m[34mSELECT pg_try_advisory_lock(6530573300804154210)[0m
  [1m[35m (0.7ms)[0m  [1m[34mSELECT "schema_migrations"."version" FROM "schema_migrations" ORDER BY "schema_migrations"."version" ASC[0m
Migrating to ChangeDatesToStrings (20200610003935)
  [1m[35m (1.0ms)[0m  [1m[35mBEGIN[0m
  [1m[35m (6.2ms)[0m  [1m[35mALTER TABLE "posts" ALTER COLUMN "startdate" TYPE character varying, ALTER COLUMN "startdate" SET DEFAULT '', ALTER COLUMN "startdate" SET NOT NULL[0m
  [1m[35m (3.5ms)[0m  [1m[35mALTER TABLE "posts" ALTER COLUMN "enddate" TYPE character varying, ALTER COLUMN "enddate" SET DEFAULT '', ALTER COLUMN "enddate" SET NOT NULL[0m
  [1m[36mprimary::SchemaMigration Create (0.4ms)[0m  [1m[32mINSERT INTO "schema_migrations" ("version") VALUES ($1) RETURNING "version"[0m  [["version", "20200610003935"]]
  [1m[35m (2.5ms)[0m  [1m[35mCOMMIT[0m
  [1m[36mActiveRecord::InternalMetadata Load (0.4ms)[0m  [1m[34mSELECT "ar_internal_metadata".* FROM "ar_internal_metadata" WHERE "ar_internal_metadata"."key" = $1 LIMIT $2[0m  [["key", "environment"], ["LIMIT", 1]]
  [1m[35m (0.5ms)[0m  [1m[34mSELECT pg_advisory_unlock(6530573300804154210)[0m
  [1m[35m (1.0ms)[0m  [1m[34mSELECT "schema_migrations"."version" FROM "schema_migrations" ORDER BY "schema_migrations"."version" ASC[0m
  [1m[35m (0.8ms)[0m  [1m[34mSELECT "schema_migrations"."version" FROM "schema_migrations" ORDER BY "schema_migrations"."version" ASC[0m
  [1m[36mUser Load (0.6ms)[0m  [1m[34mSELECT "users".* FROM "users"[0m
  [1m[36mPost Load (0.8ms)[0m  [1m[34mSELECT "posts".* FROM "posts"[0m
  [1m[36mComment Load (0.6ms)[0m  [1m[34mSELECT "comments".* FROM "comments"[0m
  [1m[35m (0.2ms)[0m  [1m[35mBEGIN[0m
  [1m[36mUser Exists? (0.6ms)[0m  [1m[34mSELECT 1 AS one FROM "users" WHERE "users"."username" = $1 LIMIT $2[0m  [["username", "BiaB"], ["LIMIT", 1]]
  [1m[36mUser Exists? (0.4ms)[0m  [1m[34mSELECT 1 AS one FROM "users" WHERE "users"."email" = $1 LIMIT $2[0m  [["email", "BiaCode2020@gmail.com"], ["LIMIT", 1]]
  [1m[36mUser Create (0.8ms)[0m  [1m[32mINSERT INTO "users" ("firstname", "lastname", "username", "email", "password_digest", "created_at", "updated_at") VALUES ($1, $2, $3, $4, $5, $6, $7) RETURNING "id"[0m  [["firstname", "Bianca"], ["lastname", "Biagioni"], ["username", "BiaB"], ["email", "BiaCode2020@gmail.com"], ["password_digest", "$2a$12$n05s8JnrAsqyaJURBaBwEOP699dvSFIt9htyomwjJcATorcoWvsZe"], ["created_at", "2020-06-10 00:43:43.711755"], ["updated_at", "2020-06-10 00:43:43.711755"]]
  [1m[35m (3.2ms)[0m  [1m[35mCOMMIT[0m
  [1m[35m (0.2ms)[0m  [1m[35mBEGIN[0m
  [1m[36mPost Create (1.0ms)[0m  [1m[32mINSERT INTO "posts" ("name", "description", "startdate", "enddate", "user_id", "created_at", "updated_at") VALUES ($1, $2, $3, $4, $5, $6, $7) RETURNING "id"[0m  [["name", "DJ GIG @ Webster Hall"], ["description", "Cupcake ipsum dolor sit amet. Sugar plum macaroon cheesecake caramels. Croissant marshmallow topping muffin croissant.  Toffee cookie liquorice wafer jelly sweet apple pie. Croissant sugar plum apple pie. Powder cookie dragée brownie lemon drops gingerbread"], ["startdate", "6/15/20"], ["enddate", "6/16/20"], ["user_id", 1], ["created_at", "2020-06-10 00:43:43.736096"], ["updated_at", "2020-06-10 00:43:43.736096"]]
  [1m[35m (6.4ms)[0m  [1m[35mCOMMIT[0m
  [1m[35m (0.2ms)[0m  [1m[35mBEGIN[0m
  [1m[36mComment Create (1.0ms)[0m  [1m[32mINSERT INTO "comments" ("name", "description", "user_id", "post_id", "created_at", "updated_at") VALUES ($1, $2, $3, $4, $5, $6) RETURNING "id"[0m  [["name", "I'm Interested!"], ["description", "Cupcake ipsum dolor sit amet. Sugar plum macaroon cheesecake caramels."], ["user_id", 1], ["post_id", 1], ["created_at", "2020-06-10 00:43:43.756959"], ["updated_at", "2020-06-10 00:43:43.756959"]]
  [1m[35m (0.6ms)[0m  [1m[35mCOMMIT[0m
  [1m[35m (2.5ms)[0m  [1m[34mSELECT "schema_migrations"."version" FROM "schema_migrations" ORDER BY "schema_migrations"."version" ASC[0m
  [1m[35m (0.9ms)[0m  [1m[34mSELECT "ar_internal_metadata"."value" FROM "ar_internal_metadata" WHERE "ar_internal_metadata"."key" = $1[0m  [["key", "environment"]]
  [1m[35m (0.6ms)[0m  [1m[34mSELECT "schema_migrations"."version" FROM "schema_migrations" ORDER BY "schema_migrations"."version" ASC[0m
  [1m[35m (0.5ms)[0m  [1m[34mSELECT "ar_internal_metadata"."value" FROM "ar_internal_metadata" WHERE "ar_internal_metadata"."key" = $1[0m  [["key", "environment"]]
  [1m[35m (2.6ms)[0m  [1m[34mSELECT "schema_migrations"."version" FROM "schema_migrations" ORDER BY "schema_migrations"."version" ASC[0m
  [1m[35m (9.4ms)[0m  [1m[34mSELECT "ar_internal_metadata"."value" FROM "ar_internal_metadata" WHERE "ar_internal_metadata"."key" = $1[0m  [["key", "environment"]]
  [1m[35m (8844.1ms)[0m  [1m[35mDROP DATABASE IF EXISTS "InstaBook_development"[0m
  [1m[35m (1.9ms)[0m  [1m[34mSELECT "schema_migrations"."version" FROM "schema_migrations" ORDER BY "schema_migrations"."version" ASC[0m
  [1m[35m (1.4ms)[0m  [1m[34mSELECT "ar_internal_metadata"."value" FROM "ar_internal_metadata" WHERE "ar_internal_metadata"."key" = $1[0m  [["key", "environment"]]
  [1m[35m (0.4ms)[0m  [1m[34mSELECT "schema_migrations"."version" FROM "schema_migrations" ORDER BY "schema_migrations"."version" ASC[0m
  [1m[35m (0.5ms)[0m  [1m[34mSELECT "ar_internal_metadata"."value" FROM "ar_internal_metadata" WHERE "ar_internal_metadata"."key" = $1[0m  [["key", "environment"]]
  [1m[35m (0.5ms)[0m  [1m[34mSELECT "schema_migrations"."version" FROM "schema_migrations" ORDER BY "schema_migrations"."version" ASC[0m
  [1m[35m (0.4ms)[0m  [1m[34mSELECT "ar_internal_metadata"."value" FROM "ar_internal_metadata" WHERE "ar_internal_metadata"."key" = $1[0m  [["key", "environment"]]
  [1m[35m (230.4ms)[0m  [1m[35mDROP DATABASE IF EXISTS "InstaBook_development"[0m
  [1m[35m (231.9ms)[0m  [1m[35mDROP DATABASE IF EXISTS "InstaBook_test"[0m
  [1m[35m (789.1ms)[0m  [1m[35mCREATE DATABASE "InstaBook_development" ENCODING = 'unicode'[0m
  [1m[35m (424.6ms)[0m  [1m[35mCREATE DATABASE "InstaBook_test" ENCODING = 'unicode'[0m
  [1m[35mSQL (1.1ms)[0m  [1m[35mCREATE EXTENSION IF NOT EXISTS "plpgsql"[0m
  [1m[35m (0.6ms)[0m  [1m[35mDROP TABLE IF EXISTS "comments" CASCADE[0m
  [1m[35m (37.2ms)[0m  [1m[35mCREATE TABLE "comments" ("id" bigserial primary key, "name" character varying, "description" character varying, "user_id" bigint NOT NULL, "post_id" bigint NOT NULL, "created_at" timestamp(6) NOT NULL, "updated_at" timestamp(6) NOT NULL)[0m
  [1m[35m (3.5ms)[0m  [1m[35mCREATE  INDEX  "index_comments_on_post_id" ON "comments"  ("post_id")[0m
  [1m[35m (22.2ms)[0m  [1m[35mCREATE  INDEX  "index_comments_on_user_id" ON "comments"  ("user_id")[0m
  [1m[35m (4.9ms)[0m  [1m[35mDROP TABLE IF EXISTS "posts" CASCADE[0m
  [1m[35m (13.2ms)[0m  [1m[35mCREATE TABLE "posts" ("id" bigserial primary key, "name" character varying, "description" character varying, "startdate" character varying DEFAULT '' NOT NULL, "enddate" character varying DEFAULT '' NOT NULL, "user_id" bigint NOT NULL, "created_at" timestamp(6) NOT NULL, "updated_at" timestamp(6) NOT NULL)[0m
  [1m[35m (3.1ms)[0m  [1m[35mCREATE  INDEX  "index_posts_on_user_id" ON "posts"  ("user_id")[0m
  [1m[35m (0.5ms)[0m  [1m[35mDROP TABLE IF EXISTS "users" CASCADE[0m
  [1m[35m (10.4ms)[0m  [1m[35mCREATE TABLE "users" ("id" bigserial primary key, "firstname" character varying, "lastname" character varying, "username" character varying, "email" character varying, "password_digest" character varying, "created_at" timestamp(6) NOT NULL, "updated_at" timestamp(6) NOT NULL)[0m
  [1m[35m (11.8ms)[0m  [1m[35mALTER TABLE "comments" ADD CONSTRAINT "fk_rails_2fd19c0db7"
FOREIGN KEY ("post_id")
  REFERENCES "posts" ("id")
[0m
  [1m[35m (3.3ms)[0m  [1m[35mALTER TABLE "comments" ADD CONSTRAINT "fk_rails_03de2dc08c"
FOREIGN KEY ("user_id")
  REFERENCES "users" ("id")
[0m
  [1m[35m (2.7ms)[0m  [1m[35mALTER TABLE "posts" ADD CONSTRAINT "fk_rails_5b5ddfd518"
FOREIGN KEY ("user_id")
  REFERENCES "users" ("id")
[0m
  [1m[35m (6.4ms)[0m  [1m[35mCREATE TABLE "schema_migrations" ("version" character varying NOT NULL PRIMARY KEY)[0m
  [1m[35m (1.8ms)[0m  [1m[34mSELECT "schema_migrations"."version" FROM "schema_migrations" ORDER BY "schema_migrations"."version" ASC[0m
  [1m[35m (1.4ms)[0m  [1m[32mINSERT INTO "schema_migrations" (version) VALUES (20200610003935)[0m
  [1m[35m (1.2ms)[0m  [1m[32mINSERT INTO "schema_migrations" (version) VALUES
(20200609222649),
(20200609234132),
(20200610001038);

[0m
  [1m[35m (5.8ms)[0m  [1m[35mCREATE TABLE "ar_internal_metadata" ("key" character varying NOT NULL PRIMARY KEY, "value" character varying, "created_at" timestamp(6) NOT NULL, "updated_at" timestamp(6) NOT NULL)[0m
  [1m[36mActiveRecord::InternalMetadata Load (0.7ms)[0m  [1m[34mSELECT "ar_internal_metadata".* FROM "ar_internal_metadata" WHERE "ar_internal_metadata"."key" = $1 LIMIT $2[0m  [["key", "environment"], ["LIMIT", 1]]
  [1m[35m (0.5ms)[0m  [1m[35mBEGIN[0m
  [1m[36mActiveRecord::InternalMetadata Create (1.8ms)[0m  [1m[32mINSERT INTO "ar_internal_metadata" ("key", "value", "created_at", "updated_at") VALUES ($1, $2, $3, $4) RETURNING "key"[0m  [["key", "environment"], ["value", "development"], ["created_at", "2020-06-10 17:15:39.235064"], ["updated_at", "2020-06-10 17:15:39.235064"]]
  [1m[35m (3.6ms)[0m  [1m[35mCOMMIT[0m
  [1m[36mActiveRecord::InternalMetadata Load (0.6ms)[0m  [1m[34mSELECT "ar_internal_metadata".* FROM "ar_internal_metadata" WHERE "ar_internal_metadata"."key" = $1 LIMIT $2[0m  [["key", "environment"], ["LIMIT", 1]]
  [1m[36mActiveRecord::InternalMetadata Load (0.5ms)[0m  [1m[34mSELECT "ar_internal_metadata".* FROM "ar_internal_metadata" WHERE "ar_internal_metadata"."key" = $1 LIMIT $2[0m  [["key", "schema_sha1"], ["LIMIT", 1]]
  [1m[35m (0.9ms)[0m  [1m[35mBEGIN[0m
  [1m[36mActiveRecord::InternalMetadata Create (0.9ms)[0m  [1m[32mINSERT INTO "ar_internal_metadata" ("key", "value", "created_at", "updated_at") VALUES ($1, $2, $3, $4) RETURNING "key"[0m  [["key", "schema_sha1"], ["value", "94b99e171a074e174228c76417db55352afb9ca6"], ["created_at", "2020-06-10 17:15:39.308794"], ["updated_at", "2020-06-10 17:15:39.308794"]]
  [1m[35m (0.8ms)[0m  [1m[35mCOMMIT[0m
  [1m[35mSQL (0.7ms)[0m  [1m[35mCREATE EXTENSION IF NOT EXISTS "plpgsql"[0m
  [1m[35m (0.5ms)[0m  [1m[35mDROP TABLE IF EXISTS "comments" CASCADE[0m
  [1m[35m (35.3ms)[0m  [1m[35mCREATE TABLE "comments" ("id" bigserial primary key, "name" character varying, "description" character varying, "user_id" bigint NOT NULL, "post_id" bigint NOT NULL, "created_at" timestamp(6) NOT NULL, "updated_at" timestamp(6) NOT NULL)[0m
  [1m[35m (2.4ms)[0m  [1m[35mCREATE  INDEX  "index_comments_on_post_id" ON "comments"  ("post_id")[0m
  [1m[35m (2.6ms)[0m  [1m[35mCREATE  INDEX  "index_comments_on_user_id" ON "comments"  ("user_id")[0m
  [1m[35m (1.4ms)[0m  [1m[35mDROP TABLE IF EXISTS "posts" CASCADE[0m
  [1m[35m (14.8ms)[0m  [1m[35mCREATE TABLE "posts" ("id" bigserial primary key, "name" character varying, "description" character varying, "startdate" character varying DEFAULT '' NOT NULL, "enddate" character varying DEFAULT '' NOT NULL, "user_id" bigint NOT NULL, "created_at" timestamp(6) NOT NULL, "updated_at" timestamp(6) NOT NULL)[0m
  [1m[35m (2.6ms)[0m  [1m[35mCREATE  INDEX  "index_posts_on_user_id" ON "posts"  ("user_id")[0m
  [1m[35m (0.4ms)[0m  [1m[35mDROP TABLE IF EXISTS "users" CASCADE[0m
  [1m[35m (9.6ms)[0m  [1m[35mCREATE TABLE "users" ("id" bigserial primary key, "firstname" character varying, "lastname" character varying, "username" character varying, "email" character varying, "password_digest" character varying, "created_at" timestamp(6) NOT NULL, "updated_at" timestamp(6) NOT NULL)[0m
  [1m[35m (11.6ms)[0m  [1m[35mALTER TABLE "comments" ADD CONSTRAINT "fk_rails_2fd19c0db7"
FOREIGN KEY ("post_id")
  REFERENCES "posts" ("id")
[0m
  [1m[35m (4.3ms)[0m  [1m[35mALTER TABLE "comments" ADD CONSTRAINT "fk_rails_03de2dc08c"
FOREIGN KEY ("user_id")
  REFERENCES "users" ("id")
[0m
  [1m[35m (3.1ms)[0m  [1m[35mALTER TABLE "posts" ADD CONSTRAINT "fk_rails_5b5ddfd518"
FOREIGN KEY ("user_id")
  REFERENCES "users" ("id")
[0m
  [1m[35m (10.0ms)[0m  [1m[35mCREATE TABLE "schema_migrations" ("version" character varying NOT NULL PRIMARY KEY)[0m
  [1m[35m (1.7ms)[0m  [1m[34mSELECT "schema_migrations"."version" FROM "schema_migrations" ORDER BY "schema_migrations"."version" ASC[0m
  [1m[35m (1.8ms)[0m  [1m[32mINSERT INTO "schema_migrations" (version) VALUES (20200610003935)[0m
  [1m[35m (0.8ms)[0m  [1m[32mINSERT INTO "schema_migrations" (version) VALUES
(20200609222649),
(20200609234132),
(20200610001038);

[0m
  [1m[35m (21.1ms)[0m  [1m[35mCREATE TABLE "ar_internal_metadata" ("key" character varying NOT NULL PRIMARY KEY, "value" character varying, "created_at" timestamp(6) NOT NULL, "updated_at" timestamp(6) NOT NULL)[0m
  [1m[36mActiveRecord::InternalMetadata Load (1.9ms)[0m  [1m[34mSELECT "ar_internal_metadata".* FROM "ar_internal_metadata" WHERE "ar_internal_metadata"."key" = $1 LIMIT $2[0m  [["key", "environment"], ["LIMIT", 1]]
  [1m[35m (1.0ms)[0m  [1m[35mBEGIN[0m
  [1m[36mActiveRecord::InternalMetadata Create (1.3ms)[0m  [1m[32mINSERT INTO "ar_internal_metadata" ("key", "value", "created_at", "updated_at") VALUES ($1, $2, $3, $4) RETURNING "key"[0m  [["key", "environment"], ["value", "development"], ["created_at", "2020-06-10 17:15:39.660612"], ["updated_at", "2020-06-10 17:15:39.660612"]]
  [1m[35m (0.7ms)[0m  [1m[35mCOMMIT[0m
  [1m[36mActiveRecord::InternalMetadata Load (0.5ms)[0m  [1m[34mSELECT "ar_internal_metadata".* FROM "ar_internal_metadata" WHERE "ar_internal_metadata"."key" = $1 LIMIT $2[0m  [["key", "environment"], ["LIMIT", 1]]
  [1m[35m (0.5ms)[0m  [1m[35mBEGIN[0m
  [1m[36mActiveRecord::InternalMetadata Update (1.4ms)[0m  [1m[33mUPDATE "ar_internal_metadata" SET "value" = $1, "updated_at" = $2 WHERE "ar_internal_metadata"."key" = $3[0m  [["value", "test"], ["updated_at", "2020-06-10 17:15:39.679000"], ["key", "environment"]]
  [1m[35m (1.1ms)[0m  [1m[35mCOMMIT[0m
  [1m[36mActiveRecord::InternalMetadata Load (0.5ms)[0m  [1m[34mSELECT "ar_internal_metadata".* FROM "ar_internal_metadata" WHERE "ar_internal_metadata"."key" = $1 LIMIT $2[0m  [["key", "schema_sha1"], ["LIMIT", 1]]
  [1m[35m (0.2ms)[0m  [1m[35mBEGIN[0m
  [1m[36mActiveRecord::InternalMetadata Create (1.6ms)[0m  [1m[32mINSERT INTO "ar_internal_metadata" ("key", "value", "created_at", "updated_at") VALUES ($1, $2, $3, $4) RETURNING "key"[0m  [["key", "schema_sha1"], ["value", "94b99e171a074e174228c76417db55352afb9ca6"], ["created_at", "2020-06-10 17:15:39.698002"], ["updated_at", "2020-06-10 17:15:39.698002"]]
  [1m[35m (0.6ms)[0m  [1m[35mCOMMIT[0m
  [1m[35m (1.4ms)[0m  [1m[34mSELECT "schema_migrations"."version" FROM "schema_migrations" ORDER BY "schema_migrations"."version" ASC[0m
  [1m[36mUser Load (1.2ms)[0m  [1m[34mSELECT "users".* FROM "users"[0m
  [1m[36mPost Load (1.0ms)[0m  [1m[34mSELECT "posts".* FROM "posts"[0m
  [1m[36mComment Load (1.2ms)[0m  [1m[34mSELECT "comments".* FROM "comments"[0m
  [1m[35m (0.3ms)[0m  [1m[35mBEGIN[0m
  [1m[36mUser Exists? (1.3ms)[0m  [1m[34mSELECT 1 AS one FROM "users" WHERE "users"."username" = $1 LIMIT $2[0m  [["username", "BiaB"], ["LIMIT", 1]]
  [1m[36mUser Exists? (0.4ms)[0m  [1m[34mSELECT 1 AS one FROM "users" WHERE "users"."email" = $1 LIMIT $2[0m  [["email", "BiaCode2020@gmail.com"], ["LIMIT", 1]]
  [1m[36mUser Create (1.7ms)[0m  [1m[32mINSERT INTO "users" ("firstname", "lastname", "username", "email", "password_digest", "created_at", "updated_at") VALUES ($1, $2, $3, $4, $5, $6, $7) RETURNING "id"[0m  [["firstname", "Bianca"], ["lastname", "Biagioni"], ["username", "BiaB"], ["email", "BiaCode2020@gmail.com"], ["password_digest", "$2a$12$pWfAq/zQ2hpXtlesaSUKj.zAumyoHBAXFJexgYJONxzhBJvIPuGqy"], ["created_at", "2020-06-10 17:15:40.602881"], ["updated_at", "2020-06-10 17:15:40.602881"]]
  [1m[35m (1.1ms)[0m  [1m[35mCOMMIT[0m
  [1m[35m (0.5ms)[0m  [1m[35mBEGIN[0m
  [1m[36mPost Create (4.9ms)[0m  [1m[32mINSERT INTO "posts" ("name", "description", "startdate", "enddate", "user_id", "created_at", "updated_at") VALUES ($1, $2, $3, $4, $5, $6, $7) RETURNING "id"[0m  [["name", "DJ GIG @ Webster Hall"], ["description", "Cupcake ipsum dolor sit amet. Sugar plum macaroon cheesecake caramels. Croissant marshmallow topping muffin croissant.  Toffee cookie liquorice wafer jelly sweet apple pie. Croissant sugar plum apple pie. Powder cookie dragée brownie lemon drops gingerbread"], ["startdate", "6/15/20"], ["enddate", "6/16/20"], ["user_id", 1], ["created_at", "2020-06-10 17:15:40.642256"], ["updated_at", "2020-06-10 17:15:40.642256"]]
  [1m[35m (9.5ms)[0m  [1m[35mCOMMIT[0m
  [1m[35m (0.3ms)[0m  [1m[35mBEGIN[0m
  [1m[36mComment Create (3.0ms)[0m  [1m[32mINSERT INTO "comments" ("name", "description", "user_id", "post_id", "created_at", "updated_at") VALUES ($1, $2, $3, $4, $5, $6) RETURNING "id"[0m  [["name", "I'm Interested!"], ["description", "Cupcake ipsum dolor sit amet. Sugar plum macaroon cheesecake caramels."], ["user_id", 1], ["post_id", 1], ["created_at", "2020-06-10 17:15:40.692930"], ["updated_at", "2020-06-10 17:15:40.692930"]]
  [1m[35m (0.4ms)[0m  [1m[35mCOMMIT[0m
  [1m[36mUser Load (1.5ms)[0m  [1m[34mSELECT "users".* FROM "users" LIMIT $1[0m  [["LIMIT", 11]]
Started POST "/posts" for ::1 at 2020-06-10 13:21:11 -0400
  [1m[35m (1.1ms)[0m  [1m[34mSELECT "schema_migrations"."version" FROM "schema_migrations" ORDER BY "schema_migrations"."version" ASC[0m
Processing by PostsController#create as */*
  Parameters: {"post"=>{"name"=>"Liza Bia", "description"=>"al;ksdjflasdf", "startdate"=>"4/20/30", "enddate"=>"4/21/30", "user_id"=>"1"}}
  [1m[35m (0.7ms)[0m  [1m[35mBEGIN[0m
  ↳ app/controllers/posts_controller.rb:20:in `create'
  [1m[36mUser Load (1.5ms)[0m  [1m[34mSELECT "users".* FROM "users" WHERE "users"."id" = $1 LIMIT $2[0m  [["id", 1], ["LIMIT", 1]]
  ↳ app/controllers/posts_controller.rb:20:in `create'
  [1m[36mPost Create (17.5ms)[0m  [1m[32mINSERT INTO "posts" ("name", "description", "startdate", "enddate", "user_id", "created_at", "updated_at") VALUES ($1, $2, $3, $4, $5, $6, $7) RETURNING "id"[0m  [["name", "Liza Bia"], ["description", "al;ksdjflasdf"], ["startdate", "4/20/30"], ["enddate", "4/21/30"], ["user_id", 1], ["created_at", "2020-06-10 17:21:11.933063"], ["updated_at", "2020-06-10 17:21:11.933063"]]
  ↳ app/controllers/posts_controller.rb:20:in `create'
  [1m[35m (12.6ms)[0m  [1m[35mCOMMIT[0m
  ↳ app/controllers/posts_controller.rb:20:in `create'
Completed 201 Created in 435ms (Views: 2.5ms | ActiveRecord: 156.3ms | Allocations: 19257)


Started GET "/" for ::1 at 2020-06-11 14:11:45 -0400
  [1m[35m (1.6ms)[0m  [1m[34mSELECT "schema_migrations"."version" FROM "schema_migrations" ORDER BY "schema_migrations"."version" ASC[0m
Processing by Rails::WelcomeController#index as HTML
  Rendering /Users/User/.rbenv/versions/2.6.4/lib/ruby/gems/2.6.0/gems/railties-6.0.3.1/lib/rails/templates/rails/welcome/index.html.erb
  Rendered /Users/User/.rbenv/versions/2.6.4/lib/ruby/gems/2.6.0/gems/railties-6.0.3.1/lib/rails/templates/rails/welcome/index.html.erb (Duration: 11.6ms | Allocations: 309)
Completed 200 OK in 20ms (Views: 16.0ms | ActiveRecord: 0.0ms | Allocations: 1620)


Started POST "/auth/login" for ::1 at 2020-06-11 19:38:35 -0400
  [1m[35m (7.0ms)[0m  [1m[34mSELECT "schema_migrations"."version" FROM "schema_migrations" ORDER BY "schema_migrations"."version" ASC[0m
Processing by AuthenticationController#login as HTML
  Parameters: {"auth"=>{"username"=>"BiaCode2020", "password"=>"123456"}, "authentication"=>{"auth"=>{"username"=>"BiaCode2020", "password"=>"123456"}}}
  [1m[36mUser Load (0.5ms)[0m  [1m[34mSELECT "users".* FROM "users" WHERE "users"."username" = $1 LIMIT $2[0m  [["username", "BiaCode2020"], ["LIMIT", 1]]
  ↳ app/controllers/authentication_controller.rb:8:in `login'
Completed 200 OK in 365ms (Views: 0.7ms | ActiveRecord: 10.2ms | Allocations: 9652)


